Left Child -> value: a, hash: ca978112ca1bbdcafac231b39a23dc4da786eff8147c4e72b9807785afee48bb
Right Child -> value: b, hash: 3e23e8160039594a33894f6564e1b1348bbd7a0088d42c4acb73eeaed59c009d
Parent created -> value: ca978112ca1bbdcafac231b39a23dc4da786eff8147c4e72b9807785afee48bb3e23e8160039594a33894f6564e1b1348bbd7a0088d42c4acb73eeaed59c009d, hash: 62af5c3cb8da3e4f25061e829ebeea5c7513c54949115b1acc225930a90154da
Left Child -> value: c, hash: 2e7d2c03a9507ae265ecf5b5356885a53393a2029d241394997265a1a25aefc6
Right Child -> value: d, hash: 18ac3e7343f016890c510e93f935261169d9e3f565436429830faf0934f4f8e4
Parent created -> value: 2e7d2c03a9507ae265ecf5b5356885a53393a2029d241394997265a1a25aefc618ac3e7343f016890c510e93f935261169d9e3f565436429830faf0934f4f8e4, hash: d3a0f1c792ccf7f1708d5422696263e35755a86917ea76ef9242bd4a8cf4891a
Left Child -> value: e, hash: 3f79bb7b435b05321651daefd374cdc681dc06faa65e374e38337b88ca046dea
Right Child -> value: f, hash: 252f10c83610ebca1a059c0bae8255eba2f95be4d1d7bcfa89d7248a82d9f111
Parent created -> value: 3f79bb7b435b05321651daefd374cdc681dc06faa65e374e38337b88ca046dea252f10c83610ebca1a059c0bae8255eba2f95be4d1d7bcfa89d7248a82d9f111, hash: 1b3dae70b4b0a8fd252a7879ec67283c0176729bfebc51364fb9e9fb0598ba9e
Left Child -> value: g, hash: cd0aa9856147b6c5b4ff2b7dfee5da20aa38253099ef1b4a64aced233c9afe29
Right Child -> value: h, hash: aaa9402664f1a41f40ebbc52c9993eb66aeb366602958fdfaa283b71e64db123
Parent created -> value: cd0aa9856147b6c5b4ff2b7dfee5da20aa38253099ef1b4a64aced233c9afe29aaa9402664f1a41f40ebbc52c9993eb66aeb366602958fdfaa283b71e64db123, hash: 520328b68932e91dbd3194a6d12050ffa99d1dc603400c375850a888d2706135
Left Child -> value: i, hash: de7d1b721a1e0632b7cf04edf5032c8ecffa9f9a08492152b926f1a5a7e765d7
Right Child -> value: j, hash: 189f40034be7a199f1fa9891668ee3ab6049f82d38c68be70f596eab2e1857b7
Parent created -> value: de7d1b721a1e0632b7cf04edf5032c8ecffa9f9a08492152b926f1a5a7e765d7189f40034be7a199f1fa9891668ee3ab6049f82d38c68be70f596eab2e1857b7, hash: a6230746aba057b1bbece585ffb073a1d108e2c9dbf9a17c0a3a57ded9c95c90
Left Child -> value: k, hash: 8254c329a92850f6d539dd376f4816ee2764517da5e0235514af433164480d7a
Right Child -> value: l, hash: acac86c0e609ca906f632b0e2dacccb2b77d22b0621f20ebece1a4835b93f6f0
Parent created -> value: 8254c329a92850f6d539dd376f4816ee2764517da5e0235514af433164480d7aacac86c0e609ca906f632b0e2dacccb2b77d22b0621f20ebece1a4835b93f6f0, hash: 7f3367d51704f5eec87def4ab5a3a54782d2237d22960a1589a685db1c2df719
Left Child -> value: m, hash: 62c66a7a5dd70c3146618063c344e531e6d4b59e379808443ce962b3abd63c5a
Right Child -> value: n, hash: 1b16b1df538ba12dc3f97edbb85caa7050d46c148134290feba80f8236c83db9
Parent created -> value: 62c66a7a5dd70c3146618063c344e531e6d4b59e379808443ce962b3abd63c5a1b16b1df538ba12dc3f97edbb85caa7050d46c148134290feba80f8236c83db9, hash: 26430e0ad15bd6bfeb6232de352f8d2033dfe48489729fbfa57796006a98f381
Left Child -> value: o, hash: 65c74c15a686187bb6bbf9958f494fc6b80068034a659a9ad44991b08c58f2d2
Right Child -> value: p, hash: 148de9c5a7a44d19e56cd9ae1a554bf67847afb0c58f6e12fa29ac7ddfca9940
Parent created -> value: 65c74c15a686187bb6bbf9958f494fc6b80068034a659a9ad44991b08c58f2d2148de9c5a7a44d19e56cd9ae1a554bf67847afb0c58f6e12fa29ac7ddfca9940, hash: 35708f77ab5fa018c6bc5c977208de539710da9b863179a35a1bd0dee096e8a6
Left Child -> value: q, hash: 8e35c2cd3bf6641bdb0e2050b76932cbb2e6034a0ddacc1d9bea82a6ba57f7cf
Right Child -> value: r, hash: 454349e422f05297191ead13e21d3db520e5abef52055e4964b82fb213f593a1
Parent created -> value: 8e35c2cd3bf6641bdb0e2050b76932cbb2e6034a0ddacc1d9bea82a6ba57f7cf454349e422f05297191ead13e21d3db520e5abef52055e4964b82fb213f593a1, hash: aaf76092023d7001b92495856e34fbec93e104bc8c456736a0e6f8ff0375337d
Left Child -> value: s, hash: 043a718774c572bd8a25adbeb1bfcd5c0256ae11cecf9f9c3f925d0e52beaf89
Right Child -> value: t, hash: e3b98a4da31a127d4bde6e43033f66ba274cab0eb7eb1c70ec41402bf6273dd8
Parent created -> value: 043a718774c572bd8a25adbeb1bfcd5c0256ae11cecf9f9c3f925d0e52beaf89e3b98a4da31a127d4bde6e43033f66ba274cab0eb7eb1c70ec41402bf6273dd8, hash: fec2c1a889a067d2c0f18197dafa182f6fa4b824538bed8d5d35ad2c4da787e6
Left Child -> value: u, hash: 0bfe935e70c321c7ca3afc75ce0d0ca2f98b5422e008bb31c00c6d7f1f1c0ad6
Right Child -> value: v, hash: 4c94485e0c21ae6c41ce1dfe7b6bfaceea5ab68e40a2476f50208e526f506080
Parent created -> value: 0bfe935e70c321c7ca3afc75ce0d0ca2f98b5422e008bb31c00c6d7f1f1c0ad64c94485e0c21ae6c41ce1dfe7b6bfaceea5ab68e40a2476f50208e526f506080, hash: ee82f841be5bcb836fa4b5fe532452c7bebf7a25c2e0e489956b188b18c7bfd5
Left Child -> value: w, hash: 50e721e49c013f00c62cf59f2163542a9d8df02464efeb615d31051b0fddc326
Right Child -> value: x, hash: 2d711642b726b04401627ca9fbac32f5c8530fb1903cc4db02258717921a4881
Parent created -> value: 50e721e49c013f00c62cf59f2163542a9d8df02464efeb615d31051b0fddc3262d711642b726b04401627ca9fbac32f5c8530fb1903cc4db02258717921a4881, hash: db4df58c7b14e5ba49bd2d761bab89408b7d57dd28e13d04a8416c1946993851
Left Child -> value: y, hash: a1fce4363854ff888cff4b8e7875d600c2682390412a8cf79b37d0b11148b0fa
Right Child -> value: z, hash: 594e519ae499312b29433b7dd8a97ff068defcba9755b6d5d00e84c524d67b06
Parent created -> value: a1fce4363854ff888cff4b8e7875d600c2682390412a8cf79b37d0b11148b0fa594e519ae499312b29433b7dd8a97ff068defcba9755b6d5d00e84c524d67b06, hash: 7753823d0115aa300ed16124c863d93790c9a152d8a8da944c3374ac94e98aa9
Left Child -> value: ca978112ca1bbdcafac231b39a23dc4da786eff8147c4e72b9807785afee48bb3e23e8160039594a33894f6564e1b1348bbd7a0088d42c4acb73eeaed59c009d, hash: 62af5c3cb8da3e4f25061e829ebeea5c7513c54949115b1acc225930a90154da
Right Child -> value: 2e7d2c03a9507ae265ecf5b5356885a53393a2029d241394997265a1a25aefc618ac3e7343f016890c510e93f935261169d9e3f565436429830faf0934f4f8e4, hash: d3a0f1c792ccf7f1708d5422696263e35755a86917ea76ef9242bd4a8cf4891a
Parent created -> value: 62af5c3cb8da3e4f25061e829ebeea5c7513c54949115b1acc225930a90154dad3a0f1c792ccf7f1708d5422696263e35755a86917ea76ef9242bd4a8cf4891a, hash: 58c89d709329eb37285837b042ab6ff72c7c8f74de0446b091b6a0131c102cfd
Left Child -> value: 3f79bb7b435b05321651daefd374cdc681dc06faa65e374e38337b88ca046dea252f10c83610ebca1a059c0bae8255eba2f95be4d1d7bcfa89d7248a82d9f111, hash: 1b3dae70b4b0a8fd252a7879ec67283c0176729bfebc51364fb9e9fb0598ba9e
Right Child -> value: cd0aa9856147b6c5b4ff2b7dfee5da20aa38253099ef1b4a64aced233c9afe29aaa9402664f1a41f40ebbc52c9993eb66aeb366602958fdfaa283b71e64db123, hash: 520328b68932e91dbd3194a6d12050ffa99d1dc603400c375850a888d2706135
Parent created -> value: 1b3dae70b4b0a8fd252a7879ec67283c0176729bfebc51364fb9e9fb0598ba9e520328b68932e91dbd3194a6d12050ffa99d1dc603400c375850a888d2706135, hash: d6cf2ad3f66d0599d97346c6aad0f1081913df26d8b80e4ffa052e0a1f8391c6
Left Child -> value: de7d1b721a1e0632b7cf04edf5032c8ecffa9f9a08492152b926f1a5a7e765d7189f40034be7a199f1fa9891668ee3ab6049f82d38c68be70f596eab2e1857b7, hash: a6230746aba057b1bbece585ffb073a1d108e2c9dbf9a17c0a3a57ded9c95c90
Right Child -> value: 8254c329a92850f6d539dd376f4816ee2764517da5e0235514af433164480d7aacac86c0e609ca906f632b0e2dacccb2b77d22b0621f20ebece1a4835b93f6f0, hash: 7f3367d51704f5eec87def4ab5a3a54782d2237d22960a1589a685db1c2df719
Parent created -> value: a6230746aba057b1bbece585ffb073a1d108e2c9dbf9a17c0a3a57ded9c95c907f3367d51704f5eec87def4ab5a3a54782d2237d22960a1589a685db1c2df719, hash: 11a46932841621a21f51839935cef831a9d5705c1b3b483498f2f4d206c649d6
Left Child -> value: 62c66a7a5dd70c3146618063c344e531e6d4b59e379808443ce962b3abd63c5a1b16b1df538ba12dc3f97edbb85caa7050d46c148134290feba80f8236c83db9, hash: 26430e0ad15bd6bfeb6232de352f8d2033dfe48489729fbfa57796006a98f381
Right Child -> value: 65c74c15a686187bb6bbf9958f494fc6b80068034a659a9ad44991b08c58f2d2148de9c5a7a44d19e56cd9ae1a554bf67847afb0c58f6e12fa29ac7ddfca9940, hash: 35708f77ab5fa018c6bc5c977208de539710da9b863179a35a1bd0dee096e8a6
Parent created -> value: 26430e0ad15bd6bfeb6232de352f8d2033dfe48489729fbfa57796006a98f38135708f77ab5fa018c6bc5c977208de539710da9b863179a35a1bd0dee096e8a6, hash: 226ac3c3b37915c4a70d97913d0be12d8b213b7b3d7d97bc5057c5f28db8234a
Left Child -> value: 8e35c2cd3bf6641bdb0e2050b76932cbb2e6034a0ddacc1d9bea82a6ba57f7cf454349e422f05297191ead13e21d3db520e5abef52055e4964b82fb213f593a1, hash: aaf76092023d7001b92495856e34fbec93e104bc8c456736a0e6f8ff0375337d
Right Child -> value: 043a718774c572bd8a25adbeb1bfcd5c0256ae11cecf9f9c3f925d0e52beaf89e3b98a4da31a127d4bde6e43033f66ba274cab0eb7eb1c70ec41402bf6273dd8, hash: fec2c1a889a067d2c0f18197dafa182f6fa4b824538bed8d5d35ad2c4da787e6
Parent created -> value: aaf76092023d7001b92495856e34fbec93e104bc8c456736a0e6f8ff0375337dfec2c1a889a067d2c0f18197dafa182f6fa4b824538bed8d5d35ad2c4da787e6, hash: 28e34a82c8f612292a7f968f0a96f0160f1096e97ec21b227630f5f314582cac
Left Child -> value: 0bfe935e70c321c7ca3afc75ce0d0ca2f98b5422e008bb31c00c6d7f1f1c0ad64c94485e0c21ae6c41ce1dfe7b6bfaceea5ab68e40a2476f50208e526f506080, hash: ee82f841be5bcb836fa4b5fe532452c7bebf7a25c2e0e489956b188b18c7bfd5
Right Child -> value: 50e721e49c013f00c62cf59f2163542a9d8df02464efeb615d31051b0fddc3262d711642b726b04401627ca9fbac32f5c8530fb1903cc4db02258717921a4881, hash: db4df58c7b14e5ba49bd2d761bab89408b7d57dd28e13d04a8416c1946993851
Parent created -> value: ee82f841be5bcb836fa4b5fe532452c7bebf7a25c2e0e489956b188b18c7bfd5db4df58c7b14e5ba49bd2d761bab89408b7d57dd28e13d04a8416c1946993851, hash: 0cb25d78563115d5fc407990f4a8895455d5434a29d9168cd8f7e4252250eb10
Left Child -> value: 62af5c3cb8da3e4f25061e829ebeea5c7513c54949115b1acc225930a90154dad3a0f1c792ccf7f1708d5422696263e35755a86917ea76ef9242bd4a8cf4891a, hash: 58c89d709329eb37285837b042ab6ff72c7c8f74de0446b091b6a0131c102cfd
Right Child -> value: 1b3dae70b4b0a8fd252a7879ec67283c0176729bfebc51364fb9e9fb0598ba9e520328b68932e91dbd3194a6d12050ffa99d1dc603400c375850a888d2706135, hash: d6cf2ad3f66d0599d97346c6aad0f1081913df26d8b80e4ffa052e0a1f8391c6
Parent created -> value: 58c89d709329eb37285837b042ab6ff72c7c8f74de0446b091b6a0131c102cfdd6cf2ad3f66d0599d97346c6aad0f1081913df26d8b80e4ffa052e0a1f8391c6, hash: 5d2a8967adb92f46e3266c0cddef844418e95fc6dbe733029e8a7da6145a5afe
Left Child -> value: a6230746aba057b1bbece585ffb073a1d108e2c9dbf9a17c0a3a57ded9c95c907f3367d51704f5eec87def4ab5a3a54782d2237d22960a1589a685db1c2df719, hash: 11a46932841621a21f51839935cef831a9d5705c1b3b483498f2f4d206c649d6
Right Child -> value: 26430e0ad15bd6bfeb6232de352f8d2033dfe48489729fbfa57796006a98f38135708f77ab5fa018c6bc5c977208de539710da9b863179a35a1bd0dee096e8a6, hash: 226ac3c3b37915c4a70d97913d0be12d8b213b7b3d7d97bc5057c5f28db8234a
Parent created -> value: 11a46932841621a21f51839935cef831a9d5705c1b3b483498f2f4d206c649d6226ac3c3b37915c4a70d97913d0be12d8b213b7b3d7d97bc5057c5f28db8234a, hash: 2e15ecd6e7d77f95c9275a7cc4cf9338518ef7b9490097510f994d8111ccf1d8
Left Child -> value: aaf76092023d7001b92495856e34fbec93e104bc8c456736a0e6f8ff0375337dfec2c1a889a067d2c0f18197dafa182f6fa4b824538bed8d5d35ad2c4da787e6, hash: 28e34a82c8f612292a7f968f0a96f0160f1096e97ec21b227630f5f314582cac
Right Child -> value: ee82f841be5bcb836fa4b5fe532452c7bebf7a25c2e0e489956b188b18c7bfd5db4df58c7b14e5ba49bd2d761bab89408b7d57dd28e13d04a8416c1946993851, hash: 0cb25d78563115d5fc407990f4a8895455d5434a29d9168cd8f7e4252250eb10
Parent created -> value: 28e34a82c8f612292a7f968f0a96f0160f1096e97ec21b227630f5f314582cac0cb25d78563115d5fc407990f4a8895455d5434a29d9168cd8f7e4252250eb10, hash: 2023a7f07b1a201f18a72fe2ed8a374516e7f4c91773255ba6145e5afc55a428
Left Child -> value: 58c89d709329eb37285837b042ab6ff72c7c8f74de0446b091b6a0131c102cfdd6cf2ad3f66d0599d97346c6aad0f1081913df26d8b80e4ffa052e0a1f8391c6, hash: 5d2a8967adb92f46e3266c0cddef844418e95fc6dbe733029e8a7da6145a5afe
Right Child -> value: 11a46932841621a21f51839935cef831a9d5705c1b3b483498f2f4d206c649d6226ac3c3b37915c4a70d97913d0be12d8b213b7b3d7d97bc5057c5f28db8234a, hash: 2e15ecd6e7d77f95c9275a7cc4cf9338518ef7b9490097510f994d8111ccf1d8
Parent created -> value: 5d2a8967adb92f46e3266c0cddef844418e95fc6dbe733029e8a7da6145a5afe2e15ecd6e7d77f95c9275a7cc4cf9338518ef7b9490097510f994d8111ccf1d8, hash: 99c17b71d66b6307ab76148bc3de0c7daec3ee00806c5c30cb21405fec275da6
Left Child -> value: 28e34a82c8f612292a7f968f0a96f0160f1096e97ec21b227630f5f314582cac0cb25d78563115d5fc407990f4a8895455d5434a29d9168cd8f7e4252250eb10, hash: 2023a7f07b1a201f18a72fe2ed8a374516e7f4c91773255ba6145e5afc55a428
Right Child -> value: a1fce4363854ff888cff4b8e7875d600c2682390412a8cf79b37d0b11148b0fa594e519ae499312b29433b7dd8a97ff068defcba9755b6d5d00e84c524d67b06, hash: 7753823d0115aa300ed16124c863d93790c9a152d8a8da944c3374ac94e98aa9
Parent created -> value: 2023a7f07b1a201f18a72fe2ed8a374516e7f4c91773255ba6145e5afc55a4287753823d0115aa300ed16124c863d93790c9a152d8a8da944c3374ac94e98aa9, hash: 1bd2140b7a80ad7bdeb1196f5045d9bf637490efe212708f7ebdb8e6431bb0e2
Left Child -> value: 5d2a8967adb92f46e3266c0cddef844418e95fc6dbe733029e8a7da6145a5afe2e15ecd6e7d77f95c9275a7cc4cf9338518ef7b9490097510f994d8111ccf1d8, hash: 99c17b71d66b6307ab76148bc3de0c7daec3ee00806c5c30cb21405fec275da6
Right Child -> value: 2023a7f07b1a201f18a72fe2ed8a374516e7f4c91773255ba6145e5afc55a4287753823d0115aa300ed16124c863d93790c9a152d8a8da944c3374ac94e98aa9, hash: 1bd2140b7a80ad7bdeb1196f5045d9bf637490efe212708f7ebdb8e6431bb0e2
Parent created -> value: 99c17b71d66b6307ab76148bc3de0c7daec3ee00806c5c30cb21405fec275da61bd2140b7a80ad7bdeb1196f5045d9bf637490efe212708f7ebdb8e6431bb0e2, hash: 046b9e1185597f9e727369819bff628166bcc3abd8f63ea1976b9017a2d3ba87
